ОТЛАДКА - Добавляю позиционный параметр ПутьВходящихДанных
ОТЛАДКА - Добавляю именованный параметр --ibname
ОТЛАДКА - Добавляю именованный параметр --db-user
ОТЛАДКА - Добавляю именованный параметр --db-pwd
ОТЛАДКА - Добавляю именованный параметр --path
ОТЛАДКА - Добавляю именованный параметр --report
ОТЛАДКА - Добавляю именованный параметр --v8version
ОТЛАДКА - Добавляю позиционный параметр ПутьВходящихДанных
ОТЛАДКА - Добавляю позиционный параметр ВыходнойКаталогОтчета
ОТЛАДКА - Добавляю именованный параметр --ibname
ОТЛАДКА - Добавляю именованный параметр --db-user
ОТЛАДКА - Добавляю именованный параметр --db-pwd
ОТЛАДКА - Добавляю именованный параметр --path
ОТЛАДКА - Добавляю именованный параметр --pathsettings
ОТЛАДКА - Добавляю именованный параметр --v8version
ОТЛАДКА - Добавляю позиционный параметр ПутьКCF
ОТЛАДКА - Добавляю позиционный параметр ПутьКИсоходникам
ОТЛАДКА - Добавляю именованный параметр --v8version
ОТЛАДКА - Добавляю позиционный параметр ПутьКИсоходникам
ОТЛАДКА - Добавляю именованный параметр --ibname
ОТЛАДКА - Добавляю именованный параметр --db-user
ОТЛАДКА - Добавляю именованный параметр --db-pwd
ОТЛАДКА - Добавляю именованный параметр --v8version
ОТЛАДКА - Добавляю позиционный параметр ПутьКИсоходникам
ОТЛАДКА - Добавляю позиционный параметр ПутьКCF
ОТЛАДКА - Добавляю именованный параметр --v8version
ОТЛАДКА - Добавляю позиционный параметр ПутьКИсоходникам
ОТЛАДКА - Добавляю именованный параметр --ibname
ОТЛАДКА - Добавляю именованный параметр --db-user
ОТЛАДКА - Добавляю именованный параметр --db-pwd
ОТЛАДКА - Добавляю именованный параметр --v8version
ОТЛАДКА - Добавляю позиционный параметр НаименованиеРасширения
ОТЛАДКА - Добавляю позиционный параметр ПутьКИсоходникам
ОТЛАДКА - Добавляю именованный параметр --ibname
ОТЛАДКА - Добавляю именованный параметр --db-user
ОТЛАДКА - Добавляю именованный параметр --db-pwd
ОТЛАДКА - Добавляю именованный параметр --v8version
ОТЛАДКА - Добавляю позиционный параметр ПутьКИсоходникам
ОТЛАДКА - Добавляю позиционный параметр НаименованиеРасширения
ОТЛАДКА - Добавляю именованный параметр --ibname
ОТЛАДКА - Добавляю именованный параметр --db-user
ОТЛАДКА - Добавляю именованный параметр --db-pwd
ОТЛАДКА - Добавляю именованный параметр --v8version
ОТЛАДКА - Добавляю позиционный параметр ПутьВходящихДанных
ОТЛАДКА - Добавляю позиционный параметр ВыходнойКаталог
ОТЛАДКА - Добавляю именованный параметр --outDir
ОТЛАДКА - Добавляю именованный параметр --inDir
ОТЛАДКА - Добавляю именованный параметр --ibname
ОТЛАДКА - Добавляю именованный параметр --db-user
ОТЛАДКА - Добавляю именованный параметр --db-pwd
ОТЛАДКА - Добавляю именованный параметр --v8version
ОТЛАДКА - Добавляю позиционный параметр ПутьВходящихДанных
ОТЛАДКА - Добавляю позиционный параметр ВыходнойКаталог
ОТЛАДКА - Добавляю именованный параметр --outDir
ОТЛАДКА - Добавляю именованный параметр --inDir
ОТЛАДКА - Добавляю именованный параметр --ibname
ОТЛАДКА - Добавляю именованный параметр --db-user
ОТЛАДКА - Добавляю именованный параметр --db-pwd
ОТЛАДКА - Добавляю именованный параметр --v8version
ОТЛАДКА - Разбор команды: decompileepf
ОТЛАДКА - Попадаю в РазобратьАргументы
ОТЛАДКА - Выбран токен: .\build\epf\
ОТЛАДКА - Ищу именованный параметр .\build\epf\
ОТЛАДКА - Ищу параметр-флаг .\build\epf\
ОТЛАДКА - Установлено значение позиционного параметра <ПутьВходящихДанных = .\build\epf\>
ОТЛАДКА - Выбран токен: .\epf\
ОТЛАДКА - Ищу именованный параметр .\epf\
ОТЛАДКА - Ищу параметр-флаг .\epf\
ОТЛАДКА - Установлено значение позиционного параметра <ВыходнойКаталог = .\epf\>
ОТЛАДКА - Выбран токен: 
ОТЛАДКА - Закончились токены
ОТЛАДКА - Трассировка РезультатРазбора:
ОТЛАДКА - 		ПутьВходящихДанных:.\build\epf\
ОТЛАДКА - 		ВыходнойКаталог:.\epf\
ОТЛАДКА - Трассировка РезультатКоманды.ЗначенияПараметров:
ОТЛАДКА - 		ПутьВходящихДанных:.\build\epf\
ОТЛАДКА - 		ВыходнойКаталог:.\epf\
