ОТЛАДКА - ТипЗнч(Аргументы)= Структура
ОТЛАДКА - Передана команда: decompileepf
ОТЛАДКА - ПутьВходящихДанных = .\build\epf\
ОТЛАДКА - ВыходнойКаталог = .\epf\
ИНФОРМАЦИЯ - Подготовка выгрузки каталога d:\git\silver\vanessa-runner\build\epf\ в каталог .\epf\, корень d:\git\silver\vanessa-runner\build\epf\
ИНФОРМАЦИЯ - Подготовка выгрузки файла ЗагрузитьРасширение.epf в каталог epf
ИНФОРМАЦИЯ - Проверка необходимости выгрузки файла d:\git\silver\vanessa-runner\build\epf\ЗагрузитьРасширение.epf в каталог .\epf\, корень d:\git\silver\vanessa-runner\build\epf\
ОТЛАДКА - ОтносительныйПутьКаталогаФайла <ЗагрузитьРасширение>
ОТЛАДКА - ПутьКаталогаИсходников <.\epf\ЗагрузитьРасширение>
ОТЛАДКА - Создаем новый каталог d:\git\silver\vanessa-runner\epf\ЗагрузитьРасширение
ОТЛАДКА - Запускаем распаковку файла
ОТЛАДКА - Вывод 1С:Предприятия - Выгрузка внешней обработки или отчета в XML.
Входной бинарный файл: d:\git\silver\vanessa-runner\build\epf\ЗагрузитьРасширение.epf
Каталог или корневой файл выгрузки: d:\git\silver\vanessa-runner\epf\ЗагрузитьРасширение
Формат: Иерархический
Выгрузка завершена. Суммарное время выполнения операции: 4840 миллисекунд.

ОТЛАДКА - Очищаем каталог временной ИБ
ИНФОРМАЦИЯ - Завершена проверка необходимости выгрузки файла d:\git\silver\vanessa-runner\build\epf\ЗагрузитьРасширение.epf в каталог .\epf\, корень d:\git\silver\vanessa-runner\build\epf\
ИНФОРМАЦИЯ - Завершена выгрузка файла ЗагрузитьРасширение.epf в каталог epf
ИНФОРМАЦИЯ - Подготовка выгрузки файла ЗакрытьПердприятие.epf в каталог epf
ИНФОРМАЦИЯ - Проверка необходимости выгрузки файла d:\git\silver\vanessa-runner\build\epf\ЗакрытьПердприятие.epf в каталог .\epf\, корень d:\git\silver\vanessa-runner\build\epf\
ОТЛАДКА - ОтносительныйПутьКаталогаФайла <ЗакрытьПердприятие>
ОТЛАДКА - ПутьКаталогаИсходников <.\epf\ЗакрытьПердприятие>
ОТЛАДКА - Создаем новый каталог d:\git\silver\vanessa-runner\epf\ЗакрытьПердприятие
ОТЛАДКА - Запускаем распаковку файла
ОТЛАДКА - Вывод 1С:Предприятия - Выгрузка внешней обработки или отчета в XML.
Входной бинарный файл: d:\git\silver\vanessa-runner\build\epf\ЗакрытьПердприятие.epf
Каталог или корневой файл выгрузки: d:\git\silver\vanessa-runner\epf\ЗакрытьПердприятие
Формат: Иерархический
Выгрузка завершена. Суммарное время выполнения операции: 2650 миллисекунд.

ОТЛАДКА - Очищаем каталог временной ИБ
ИНФОРМАЦИЯ - Завершена проверка необходимости выгрузки файла d:\git\silver\vanessa-runner\build\epf\ЗакрытьПердприятие.epf в каталог .\epf\, корень d:\git\silver\vanessa-runner\build\epf\
ИНФОРМАЦИЯ - Завершена выгрузка файла ЗакрытьПердприятие.epf в каталог epf
ИНФОРМАЦИЯ - Завершена выгрузка каталога d:\git\silver\vanessa-runner\build\epf\ в каталог .\epf\, корень d:\git\silver\vanessa-runner\build\epf\
